-------------------------------------------------------------------------------
Test set: runnerpack.SwaglabRunnerTest
-------------------------------------------------------------------------------
Tests run: 9, Failures: 3, Errors: 0, Skipped: 0, Time elapsed: 46.73 s <<< FAILURE! -- in runnerpack.SwaglabRunnerTest
Testing the login page.Testing login page with different set of credentials #2 -- Time elapsed: 2.122 s <<< FAILURE!
java.lang.AssertionError
	at org.junit.Assert.fail(Assert.java:87)
	at org.junit.Assert.assertTrue(Assert.java:42)
	at org.junit.Assert.assertFalse(Assert.java:65)
	at org.junit.Assert.assertFalse(Assert.java:75)
	at stepdef.LoginTest.valid_users_can_able_to_enter_into_inventory_page(LoginTest.java:38)
	at ✽.valid users can able to enter into inventory page(file:///C:/StaragileCodes/eclipse-workspace-staragile/SwagLabPOMCucum/src/test/resources/Features/login.feature:7)

Testing the login page.Testing login page with different set of credentials #3 -- Time elapsed: 2.263 s <<< FAILURE!
java.lang.AssertionError
	at org.junit.Assert.fail(Assert.java:87)
	at org.junit.Assert.assertTrue(Assert.java:42)
	at org.junit.Assert.assertFalse(Assert.java:65)
	at org.junit.Assert.assertFalse(Assert.java:75)
	at stepdef.LoginTest.valid_users_can_able_to_enter_into_inventory_page(LoginTest.java:38)
	at ✽.valid users can able to enter into inventory page(file:///C:/StaragileCodes/eclipse-workspace-staragile/SwagLabPOMCucum/src/test/resources/Features/login.feature:7)

Testing the login page.Testing login page with different set of credentials #4 -- Time elapsed: 2.017 s <<< FAILURE!
java.lang.AssertionError
	at org.junit.Assert.fail(Assert.java:87)
	at org.junit.Assert.assertTrue(Assert.java:42)
	at org.junit.Assert.assertFalse(Assert.java:65)
	at org.junit.Assert.assertFalse(Assert.java:75)
	at stepdef.LoginTest.valid_users_can_able_to_enter_into_inventory_page(LoginTest.java:38)
	at ✽.valid users can able to enter into inventory page(file:///C:/StaragileCodes/eclipse-workspace-staragile/SwagLabPOMCucum/src/test/resources/Features/login.feature:7)

