<?xml version="1.0" encoding="UTF-8"?>
<testsuite xmlns:xsi="http://www.w3.org/2001/XMLSchema-instance" xsi:noNamespaceSchemaLocation="https://maven.apache.org/surefire/maven-surefire-plugin/xsd/surefire-test-report-3.0.xsd" version="3.0" name="runnerpack.SwaglabRunnerTest" time="48.869" tests="9" errors="0" skipped="0" failures="3">
  <properties>
[...]
</properties>
  <testcase name="Check the inventory page" classname="SwagLab end to end testing" time="5.113">
    <system-out><![CDATA[
Scenario: Check the inventory page                                   &amp#27;[90m# src/test/resources/Features/Inventory.feature:3&amp#27;[0m
  &amp#27;[32mGiven &amp#27;[0m&amp#27;[32muser is logged into swaglab application&amp#27;[0m                      &amp#27;[90m# stepdef.InventoryTest.user_is_logged_into_swaglab_application()&amp#27;[0m
number of items in inventory page6
  &amp#27;[32mWhen &amp#27;[0m&amp#27;[32mcheck the products in the inventory page&amp#27;[0m                      &amp#27;[90m# stepdef.InventoryTest.check_the_products_in_the_inventory_page()&amp#27;[0m
  &amp#27;[32mAnd &amp#27;[0m&amp#27;[32mclick on the cart button for the product &amp#27;[0m&amp#27;[32m&amp#27;[1m"Sauce Labs Backpack"&amp#27;[0m &amp#27;[90m# stepdef.InventoryTest.click_on_the_cart_button_for_the_product(java.lang.String)&amp#27;[0m
  &amp#27;[32mAnd &amp#27;[0m&amp#27;[32mthen click on cart icon&amp#27;[0m                                        &amp#27;[90m# stepdef.InventoryTest.then_click_on_cart_icon()&amp#27;[0m
passed
  &amp#27;[32mThen &amp#27;[0m&amp#27;[32muser can entered into cart page&amp#27;[0m                               &amp#27;[90m# stepdef.InventoryTest.user_can_entered_into_cart_page()&amp#27;[0m
]]></system-out>
    <system-err><![CDATA[May 24, 2024 11:33:16 AM org.openqa.selenium.devtools.CdpVersionFinder findNearestMatch
WARNING: Unable to find an exact match for CDP version 124, returning the closest version; found: 120; Please update to a Selenium version that supports CDP version 124
]]></system-err>
  </testcase>
  <testcase name="test the cart page functionalities" classname="test the end to end testing of swaglab" time="2.964">
    <system-out><![CDATA[
Scenario: test the cart page functionalities           &amp#27;[90m# src/test/resources/Features/cart.feature:2&amp#27;[0m
number of items in inventory page6
  &amp#27;[32mGiven &amp#27;[0m&amp#27;[32muser should be in cart page&amp#27;[0m                    &amp#27;[90m# stepdef.CartTest.user_should_be_in_cart_page()&amp#27;[0m
  &amp#27;[32mWhen &amp#27;[0m&amp#27;[32mclick on remove button&amp#27;[0m                          &amp#27;[90m# stepdef.CartTest.click_on_remove_button()&amp#27;[0m
product remover from cart
  &amp#27;[32mThen &amp#27;[0m&amp#27;[32mproduct will be removed from cart&amp#27;[0m               &amp#27;[90m# stepdef.CartTest.product_will_be_removed_from_cart()&amp#27;[0m
  &amp#27;[32mWhen &amp#27;[0m&amp#27;[32mclick on continue button&amp#27;[0m                        &amp#27;[90m# stepdef.CartTest.click_on_continue_button()&amp#27;[0m
user redirected to inventory
  &amp#27;[32mThen &amp#27;[0m&amp#27;[32muser will redirected to inventory page&amp#27;[0m          &amp#27;[90m# stepdef.CartTest.user_will_redirected_to_inventory_page()&amp#27;[0m
number of items in inventory page6
  &amp#27;[32mWhen &amp#27;[0m&amp#27;[32muser can select new product from inventory page&amp#27;[0m &amp#27;[90m# stepdef.CartTest.user_can_select_new_product_from_inventory_page()&amp#27;[0m
  &amp#27;[32mAnd &amp#27;[0m&amp#27;[32muser can click on cart button&amp#27;[0m                    &amp#27;[90m# stepdef.CartTest.user_can_click_on_cart_button()&amp#27;[0m
user redirected to cart page
  &amp#27;[32mThen &amp#27;[0m&amp#27;[32muser rediredted to cart page&amp#27;[0m                    &amp#27;[90m# stepdef.CartTest.user_rediredted_to_cart_page()&amp#27;[0m
  &amp#27;[32mWhen &amp#27;[0m&amp#27;[32muser click on checkout button&amp#27;[0m                   &amp#27;[90m# stepdef.CartTest.user_click_on_checkout_button()&amp#27;[0m
user redirected to checkout
  &amp#27;[32mThen &amp#27;[0m&amp#27;[32muser will redirected to checkout page&amp#27;[0m           &amp#27;[90m# stepdef.CartTest.user_will_redirected_to_checkout_page()&amp#27;[0m
]]></system-out>
    <system-err><![CDATA[May 24, 2024 11:33:19 AM org.openqa.selenium.devtools.CdpVersionFinder findNearestMatch
WARNING: Unable to find an exact match for CDP version 124, returning the closest version; found: 120; Please update to a Selenium version that supports CDP version 124
]]></system-err>
  </testcase>
  <testcase name="Test the checkout page functionality" classname="Test the end to end functionality of swaglab functionality" time="2.932">
    <system-out><![CDATA[
Scenario: Test the checkout page functionality   &amp#27;[90m# src/test/resources/Features/checkout.feature:3&amp#27;[0m
number of items in inventory page6
  &amp#27;[32mGiven &amp#27;[0m&amp#27;[32muser should be in checkout page&amp#27;[0m          &amp#27;[90m# stepdef.CheckoutTest.user_should_be_in_checkout_page()&amp#27;[0m
  &amp#27;[32mWhen &amp#27;[0m&amp#27;[32menter firstname , lastname and zip&amp#27;[0m        &amp#27;[90m# stepdef.CheckoutTest.enter_firstname_lastname_and_zip(io.cucumber.datatable.DataTable)&amp#27;[0m
    | firstname | lastname | zip    |
    | shima     | mohan    | 560060 |
  &amp#27;[32mWhen &amp#27;[0m&amp#27;[32mclick on continue button in checkout page&amp#27;[0m &amp#27;[90m# stepdef.CheckoutTest.click_on_continue_button_in_checkout_page()&amp#27;[0m
user redirected to review page
  &amp#27;[32mThen &amp#27;[0m&amp#27;[32muser redirected to overview  page&amp#27;[0m         &amp#27;[90m# stepdef.CheckoutTest.user_redirected_to_overview_page()&amp#27;[0m
]]></system-out>
    <system-err><![CDATA[May 24, 2024 11:33:22 AM org.openqa.selenium.devtools.CdpVersionFinder findNearestMatch
WARNING: Unable to find an exact match for CDP version 124, returning the closest version; found: 120; Please update to a Selenium version that supports CDP version 124
]]></system-err>
  </testcase>
  <testcase name="Testing login page with different set of credentials #1" classname="Testing the login page" time="2.245">
    <system-out><![CDATA[
Scenario Outline: Testing login page with different set of credentials &amp#27;[90m# src/test/resources/Features/login.feature:13&amp#27;[0m
  &amp#27;[32mGiven &amp#27;[0m&amp#27;[32mopen swaglab application&amp#27;[0m                                       &amp#27;[90m# stepdef.LoginTest.open_swaglab_application()&amp#27;[0m
  &amp#27;[32mWhen &amp#27;[0m&amp#27;[32mEnter &amp#27;[0m&amp#27;[32m&amp#27;[1m"standard_user"&amp#27;[0m&amp#27;[32m and &amp#27;[0m&amp#27;[32m&amp#27;[1m"secret_sauce"&amp#27;[0m                        &amp#27;[90m# stepdef.LoginTest.enter_and(java.lang.String,java.lang.String)&amp#27;[0m
  &amp#27;[32mAnd &amp#27;[0m&amp#27;[32mclick on login button&amp#27;[0m                                            &amp#27;[90m# stepdef.LoginTest.click_on_login_button()&amp#27;[0m
Successfully login
  &amp#27;[32mThen &amp#27;[0m&amp#27;[32mvalid users can able to enter into inventory page&amp#27;[0m               &amp#27;[90m# stepdef.LoginTest.valid_users_can_able_to_enter_into_inventory_page()&amp#27;[0m
]]></system-out>
    <system-err><![CDATA[May 24, 2024 11:33:25 AM org.openqa.selenium.devtools.CdpVersionFinder findNearestMatch
WARNING: Unable to find an exact match for CDP version 124, returning the closest version; found: 120; Please update to a Selenium version that supports CDP version 124
]]></system-err>
  </testcase>
  <testcase name="Testing login page with different set of credentials #2" classname="Testing the login page" time="2.322">
    <failure type="java.lang.AssertionError"><![CDATA[java.lang.AssertionError
	at org.junit.Assert.fail(Assert.java:87)
	at org.junit.Assert.assertTrue(Assert.java:42)
	at org.junit.Assert.assertFalse(Assert.java:65)
	at org.junit.Assert.assertFalse(Assert.java:75)
	at stepdef.LoginTest.valid_users_can_able_to_enter_into_inventory_page(LoginTest.java:38)
	at ✽.valid users can able to enter into inventory page(file:///C:/StaragileCodes/eclipse-workspace-staragile/SwagLabPOMCucum/src/test/resources/Features/login.feature:7)
]]></failure>
    <system-out><![CDATA[
Scenario Outline: Testing login page with different set of credentials &amp#27;[90m# src/test/resources/Features/login.feature:14&amp#27;[0m
  &amp#27;[32mGiven &amp#27;[0m&amp#27;[32mopen swaglab application&amp#27;[0m                                       &amp#27;[90m# stepdef.LoginTest.open_swaglab_application()&amp#27;[0m
  &amp#27;[32mWhen &amp#27;[0m&amp#27;[32mEnter &amp#27;[0m&amp#27;[32m&amp#27;[1m"admin"&amp#27;[0m&amp#27;[32m and &amp#27;[0m&amp#27;[32m&amp#27;[1m"admin"&amp#27;[0m                                       &amp#27;[90m# stepdef.LoginTest.enter_and(java.lang.String,java.lang.String)&amp#27;[0m
  &amp#27;[32mAnd &amp#27;[0m&amp#27;[32mclick on login button&amp#27;[0m                                            &amp#27;[90m# stepdef.LoginTest.click_on_login_button()&amp#27;[0m
  &amp#27;[31mThen &amp#27;[0m&amp#27;[31mvalid users can able to enter into inventory page&amp#27;[0m               &amp#27;[90m# stepdef.LoginTest.valid_users_can_able_to_enter_into_inventory_page()&amp#27;[0m
      &amp#27;[31mjava.lang.AssertionError
	at org.junit.Assert.fail(Assert.java:87)
	at org.junit.Assert.assertTrue(Assert.java:42)
	at org.junit.Assert.assertFalse(Assert.java:65)
	at org.junit.Assert.assertFalse(Assert.java:75)
	at stepdef.LoginTest.valid_users_can_able_to_enter_into_inventory_page(LoginTest.java:38)
	at âœ½.valid users can able to enter into inventory page(file:///C:/StaragileCodes/eclipse-workspace-staragile/SwagLabPOMCucum/src/test/resources/Features/login.feature:7)
&amp#27;[0m
]]></system-out>
    <system-err><![CDATA[May 24, 2024 11:33:27 AM org.openqa.selenium.devtools.CdpVersionFinder findNearestMatch
WARNING: Unable to find an exact match for CDP version 124, returning the closest version; found: 120; Please update to a Selenium version that supports CDP version 124
]]></system-err>
  </testcase>
  <testcase name="Testing login page with different set of credentials #3" classname="Testing the login page" time="2.24">
    <failure type="java.lang.AssertionError"><![CDATA[java.lang.AssertionError
	at org.junit.Assert.fail(Assert.java:87)
	at org.junit.Assert.assertTrue(Assert.java:42)
	at org.junit.Assert.assertFalse(Assert.java:65)
	at org.junit.Assert.assertFalse(Assert.java:75)
	at stepdef.LoginTest.valid_users_can_able_to_enter_into_inventory_page(LoginTest.java:38)
	at ✽.valid users can able to enter into inventory page(file:///C:/StaragileCodes/eclipse-workspace-staragile/SwagLabPOMCucum/src/test/resources/Features/login.feature:7)
]]></failure>
    <system-out><![CDATA[
Scenario Outline: Testing login page with different set of credentials &amp#27;[90m# src/test/resources/Features/login.feature:15&amp#27;[0m
  &amp#27;[32mGiven &amp#27;[0m&amp#27;[32mopen swaglab application&amp#27;[0m                                       &amp#27;[90m# stepdef.LoginTest.open_swaglab_application()&amp#27;[0m
  &amp#27;[32mWhen &amp#27;[0m&amp#27;[32mEnter &amp#27;[0m&amp#27;[32m&amp#27;[1m"locked_out_user"&amp#27;[0m&amp#27;[32m and &amp#27;[0m&amp#27;[32m&amp#27;[1m"secret_sauce"&amp#27;[0m                      &amp#27;[90m# stepdef.LoginTest.enter_and(java.lang.String,java.lang.String)&amp#27;[0m
  &amp#27;[32mAnd &amp#27;[0m&amp#27;[32mclick on login button&amp#27;[0m                                            &amp#27;[90m# stepdef.LoginTest.click_on_login_button()&amp#27;[0m
  &amp#27;[31mThen &amp#27;[0m&amp#27;[31mvalid users can able to enter into inventory page&amp#27;[0m               &amp#27;[90m# stepdef.LoginTest.valid_users_can_able_to_enter_into_inventory_page()&amp#27;[0m
      &amp#27;[31mjava.lang.AssertionError
	at org.junit.Assert.fail(Assert.java:87)
	at org.junit.Assert.assertTrue(Assert.java:42)
	at org.junit.Assert.assertFalse(Assert.java:65)
	at org.junit.Assert.assertFalse(Assert.java:75)
	at stepdef.LoginTest.valid_users_can_able_to_enter_into_inventory_page(LoginTest.java:38)
	at âœ½.valid users can able to enter into inventory page(file:///C:/StaragileCodes/eclipse-workspace-staragile/SwagLabPOMCucum/src/test/resources/Features/login.feature:7)
&amp#27;[0m
]]></system-out>
    <system-err><![CDATA[May 24, 2024 11:33:29 AM org.openqa.selenium.devtools.CdpVersionFinder findNearestMatch
WARNING: Unable to find an exact match for CDP version 124, returning the closest version; found: 120; Please update to a Selenium version that supports CDP version 124
]]></system-err>
  </testcase>
  <testcase name="Testing login page with different set of credentials #4" classname="Testing the login page" time="2.219">
    <failure type="java.lang.AssertionError"><![CDATA[java.lang.AssertionError
	at org.junit.Assert.fail(Assert.java:87)
	at org.junit.Assert.assertTrue(Assert.java:42)
	at org.junit.Assert.assertFalse(Assert.java:65)
	at org.junit.Assert.assertFalse(Assert.java:75)
	at stepdef.LoginTest.valid_users_can_able_to_enter_into_inventory_page(LoginTest.java:38)
	at ✽.valid users can able to enter into inventory page(file:///C:/StaragileCodes/eclipse-workspace-staragile/SwagLabPOMCucum/src/test/resources/Features/login.feature:7)
]]></failure>
    <system-out><![CDATA[
Scenario Outline: Testing login page with different set of credentials &amp#27;[90m# src/test/resources/Features/login.feature:16&amp#27;[0m
  &amp#27;[32mGiven &amp#27;[0m&amp#27;[32mopen swaglab application&amp#27;[0m                                       &amp#27;[90m# stepdef.LoginTest.open_swaglab_application()&amp#27;[0m
  &amp#27;[32mWhen &amp#27;[0m&amp#27;[32mEnter &amp#27;[0m&amp#27;[32m&amp#27;[1m"Shima"&amp#27;[0m&amp#27;[32m and &amp#27;[0m&amp#27;[32m&amp#27;[1m"shima123"&amp#27;[0m                                    &amp#27;[90m# stepdef.LoginTest.enter_and(java.lang.String,java.lang.String)&amp#27;[0m
  &amp#27;[32mAnd &amp#27;[0m&amp#27;[32mclick on login button&amp#27;[0m                                            &amp#27;[90m# stepdef.LoginTest.click_on_login_button()&amp#27;[0m
  &amp#27;[31mThen &amp#27;[0m&amp#27;[31mvalid users can able to enter into inventory page&amp#27;[0m               &amp#27;[90m# stepdef.LoginTest.valid_users_can_able_to_enter_into_inventory_page()&amp#27;[0m
      &amp#27;[31mjava.lang.AssertionError
	at org.junit.Assert.fail(Assert.java:87)
	at org.junit.Assert.assertTrue(Assert.java:42)
	at org.junit.Assert.assertFalse(Assert.java:65)
	at org.junit.Assert.assertFalse(Assert.java:75)
	at stepdef.LoginTest.valid_users_can_able_to_enter_into_inventory_page(LoginTest.java:38)
	at âœ½.valid users can able to enter into inventory page(file:///C:/StaragileCodes/eclipse-workspace-staragile/SwagLabPOMCucum/src/test/resources/Features/login.feature:7)
&amp#27;[0m
]]></system-out>
    <system-err><![CDATA[May 24, 2024 11:33:31 AM org.openqa.selenium.devtools.CdpVersionFinder findNearestMatch
WARNING: Unable to find an exact match for CDP version 124, returning the closest version; found: 120; Please update to a Selenium version that supports CDP version 124
]]></system-err>
  </testcase>
  <testcase name="Testing login page with different set of credentials #5" classname="Testing the login page" time="7.458">
    <system-out><![CDATA[
Scenario Outline: Testing login page with different set of credentials &amp#27;[90m# src/test/resources/Features/login.feature:17&amp#27;[0m
  &amp#27;[32mGiven &amp#27;[0m&amp#27;[32mopen swaglab application&amp#27;[0m                                       &amp#27;[90m# stepdef.LoginTest.open_swaglab_application()&amp#27;[0m
  &amp#27;[32mWhen &amp#27;[0m&amp#27;[32mEnter &amp#27;[0m&amp#27;[32m&amp#27;[1m"performance_glitch_user"&amp#27;[0m&amp#27;[32m and &amp#27;[0m&amp#27;[32m&amp#27;[1m"secret_sauce"&amp#27;[0m              &amp#27;[90m# stepdef.LoginTest.enter_and(java.lang.String,java.lang.String)&amp#27;[0m
  &amp#27;[32mAnd &amp#27;[0m&amp#27;[32mclick on login button&amp#27;[0m                                            &amp#27;[90m# stepdef.LoginTest.click_on_login_button()&amp#27;[0m
Successfully login
  &amp#27;[32mThen &amp#27;[0m&amp#27;[32mvalid users can able to enter into inventory page&amp#27;[0m               &amp#27;[90m# stepdef.LoginTest.valid_users_can_able_to_enter_into_inventory_page()&amp#27;[0m
]]></system-out>
    <system-err><![CDATA[May 24, 2024 11:33:34 AM org.openqa.selenium.devtools.CdpVersionFinder findNearestMatch
WARNING: Unable to find an exact match for CDP version 124, returning the closest version; found: 120; Please update to a Selenium version that supports CDP version 124
]]></system-err>
  </testcase>
  <testcase name="Test overview page" classname="Test the end to end functionality of Swaglab" time="18.243">
    <system-out><![CDATA[
Scenario: Test overview page                     &amp#27;[90m# src/test/resources/Features/review.feature:2&amp#27;[0m
number of items in inventory page6
  &amp#27;[32mGiven &amp#27;[0m&amp#27;[32muser should be in review page&amp#27;[0m            &amp#27;[90m# stepdef.ReviewTest.user_should_be_in_review_page()&amp#27;[0m
Payment Information:
SauceCard #31337
Shipping Information:
Free Pony Express Delivery!
Price Total
Item total: $29.99
Tax: $2.40
Total: $32.39
Cancel
Finish
  &amp#27;[32mWhen &amp#27;[0m&amp#27;[32mcheck the details&amp#27;[0m                         &amp#27;[90m# stepdef.ReviewTest.check_the_details()&amp#27;[0m
  &amp#27;[32mAnd &amp#27;[0m&amp#27;[32mclick on finish button&amp#27;[0m                     &amp#27;[90m# stepdef.ReviewTest.click_on_finish_button()&amp#27;[0m
user compleated booking product
  &amp#27;[32mThen &amp#27;[0m&amp#27;[32muser redirected to checkout complete page&amp#27;[0m &amp#27;[90m# stepdef.ReviewTest.user_redirected_to_checkout_complete_page()&amp#27;[0m
]]></system-out>
    <system-err><![CDATA[May 24, 2024 11:33:41 AM org.openqa.selenium.devtools.CdpVersionFinder findNearestMatch
WARNING: Unable to find an exact match for CDP version 124, returning the closest version; found: 120; Please update to a Selenium version that supports CDP version 124
]]></system-err>
  </testcase>
</testsuite>